<?xml version="1.0" encoding="UTF-8"?>
<testng-results skipped="0" failed="1" ignored="0" total="1" passed="0">
  <reporter-output>
  </reporter-output>
  <suite name="Automation Test Report" duration-ms="156013" started-at="2020-08-27T18:19:50 IST" finished-at="2020-08-27T18:22:26 IST">
    <groups>
    </groups>
    <test name="Automation Test Report" duration-ms="156013" started-at="2020-08-27T18:19:50 IST" finished-at="2020-08-27T18:22:26 IST">
      <class name="ui.automation.testrunner.testrunner">
        <test-method status="PASS" signature="setUpClass()[pri:0, instance:ui.automation.testrunner.testrunner@54067fdc]" name="setUpClass" is-config="true" duration-ms="14683" started-at="2020-08-27T18:19:51 IST" finished-at="2020-08-27T18:20:05 IST">
          <reporter-output>
          </reporter-output>
        </test-method> <!-- setUpClass -->
        <test-method status="FAIL" signature="feature(cucumber.api.testng.PickleEventWrapper, cucumber.api.testng.CucumberFeatureWrapper)[pri:0, instance:ui.automation.testrunner.testrunner@54067fdc]" name="feature" duration-ms="137713" started-at="2020-08-27T18:20:05 IST" data-provider="features" finished-at="2020-08-27T18:22:23 IST">
          <params>
            <param index="0">
              <value>
                <![CDATA["Testing Lead record creation and Converting to Account, Contact and Opportunity"]]>
              </value>
            </param>
            <param index="1">
              <value>
                <![CDATA["Create Lead and Convert"]]>
              </value>
            </param>
          </params>
          <exception class="java.lang.AssertionError">
            <message>
              <![CDATA[Failed to select one contact name]]>
            </message>
            <full-stacktrace>
              <![CDATA[java.lang.AssertionError: Failed to select one contact name
at org.testng.Assert.fail(Assert.java:97)
at ui.automation.stepdef.LeadsToOpportunity_Steps.searchForMatchingContactAndSelectOneContactNameFormList(LeadsToOpportunity_Steps.java:577)
at âœ½.Search for matching contact  and select one contact name form list(./features/LeadsToOpportunity.feature:45)
]]>
            </full-stacktrace>
          </exception> <!-- java.lang.AssertionError -->
          <reporter-output>
          </reporter-output>
        </test-method> <!-- feature -->
        <test-method status="PASS" signature="tearDownClass(org.testng.ITestContext)[pri:0, instance:ui.automation.testrunner.testrunner@54067fdc]" name="tearDownClass" is-config="true" duration-ms="2571" started-at="2020-08-27T18:22:24 IST" finished-at="2020-08-27T18:22:26 IST">
          <params>
            <param index="0">
              <value>
                <![CDATA[org.testng.TestRunner@2c465259]]>
              </value>
            </param>
          </params>
          <reporter-output>
          </reporter-output>
        </test-method> <!-- tearDownClass -->
      </class> <!-- ui.automation.testrunner.testrunner -->
    </test> <!-- Automation Test Report -->
  </suite> <!-- Automation Test Report -->
</testng-results>
