<?xml version="1.0" encoding="UTF-8"?>
<!-- Generated by org.testng.reporters.JUnitReportReporter -->
<testsuite skipped="0" hostname="CTLINLP-0935" name="com.ds.automation.executionengine.testrunner" tests="1" failures="1" timestamp="2020-12-10T14:47:56 IST" time="80.868" errors="0">
  <testcase name="feature" time="80.868" classname="com.ds.automation.executionengine.testrunner">
    <failure type="java.lang.AssertionError" message="Failed to click on New button">
      <![CDATA[java.lang.AssertionError: Failed to click on New button
at org.testng.Assert.fail(Assert.java:97)
at com.ds.automation.steps.CaseToKnowledge_Steps.clickOnCasesNew1Button(CaseToKnowledge_Steps.java:67)
at âœ½.Click on Cases New button to create case(./features/CaseCreation.feature:6)
]]>
    </failure>
  </testcase> <!-- feature -->
  <system-out/>
</testsuite> <!-- com.ds.automation.executionengine.testrunner -->
